[02Jan2025 00:00:24.640] [Server thread/WARN] [net.minecraft.world.level.entity.PersistentEntitySectionManager/]: UUID of added entity already exists: FallingBlockEntity['Falling Hanging Coconut'/29228, l='ServerLevel[world]', x=2507.50, y=72.00, z=-1109.50]
[02Jan2025 00:00:28.838] [Server thread/WARN] [net.minecraft.world.level.entity.PersistentEntitySectionManager/]: UUID of added entity already exists: FallingBlockEntity['Falling Hanging Coconut'/29254, l='ServerLevel[world]', x=2493.50, y=70.00, z=-1124.50]
[02Jan2025 00:00:41.439] [Server thread/WARN] [net.minecraft.world.level.entity.PersistentEntitySectionManager/]: UUID of added entity already exists: FallingBlockEntity['Falling Hanging Coconut'/29311, l='ServerLevel[world]', x=2363.50, y=74.00, z=-1022.50]
[02Jan2025 00:01:27.639] [Server thread/WARN] [net.minecraft.world.level.entity.PersistentEntitySectionManager/]: UUID of added entity already exists: FallingBlockEntity['Falling Hanging Coconut'/29473, l='ServerLevel[world]', x=2491.50, y=70.00, z=-1122.50]
[02Jan2025 00:01:29.282] [Server thread/INFO] [net.minecraft.server.MinecraftServer/]: ola has reached the goal [Bone Crusher]
[02Jan2025 00:01:59.390] [Server thread/WARN] [net.minecraft.world.level.entity.PersistentEntitySectionManager/]: UUID of added entity already exists: FallingBlockEntity['Falling Hanging Coconut'/29656, l='ServerLevel[world]', x=2491.50, y=70.00, z=-1124.50]
[02Jan2025 00:02:03.741] [Server thread/WARN] [net.minecraft.world.level.entity.PersistentEntitySectionManager/]: UUID of added entity already exists: FallingBlockEntity['Falling Hanging Coconut'/29699, l='ServerLevel[world]', x=2508.50, y=71.00, z=-1119.50]
[02Jan2025 00:02:09.309] [Server thread/INFO] [net.minecraft.server.MinecraftServer/]: clqwn was slain by Silverqueen
[02Jan2025 00:02:09.348] [Server thread/INFO] [tombstone/]: The player clqwn has successfully been saved
[02Jan2025 00:02:11.714] [Server thread/INFO] [net.minecraft.server.MinecraftServer/]: [Not Secure] <clqwn> causa
[02Jan2025 00:02:15.471] [Server thread/INFO] [net.minecraft.server.MinecraftServer/]: [Not Secure] <clqwn> jelp mi
[02Jan2025 00:02:19.305] [Server thread/INFO] [net.minecraft.server.MinecraftServer/]: ola was slain by The Somnolence
[02Jan2025 00:02:19.314] [Server thread/INFO] [tombstone/]: The player ola has successfully been saved
[02Jan2025 00:02:35.843] [Server thread/WARN] [net.minecraft.world.level.entity.PersistentEntitySectionManager/]: UUID of added entity already exists: FallingBlockEntity['Falling Hanging Coconut'/30435, l='ServerLevel[world]', x=2372.50, y=75.00, z=-1001.50]
[02Jan2025 00:02:43.492] [Server thread/WARN] [net.minecraft.world.level.entity.PersistentEntitySectionManager/]: UUID of added entity already exists: FallingBlockEntity['Falling Hanging Coconut'/30486, l='ServerLevel[world]', x=2355.50, y=165.00, z=-253.50]
[02Jan2025 00:02:46.589] [Server thread/WARN] [net.minecraft.world.level.entity.PersistentEntitySectionManager/]: UUID of added entity already exists: FallingBlockEntity['Falling Hanging Coconut'/30523, l='ServerLevel[world]', x=2361.50, y=74.00, z=-1022.50]
[02Jan2025 00:02:49.909] [Server thread/INFO] [net.minecraft.server.MinecraftServer/]: [Not Secure] <clqwn> como q moriste
[02Jan2025 00:02:50.616] [Server thread/INFO] [net.minecraft.server.MinecraftServer/]: ola has made the advancement [I slipped]
[02Jan2025 00:02:52.021] [Server thread/INFO] [net.minecraft.server.MinecraftServer/]: [Not Secure] <clqwn> NOOOOOOO
[02Jan2025 00:03:01.221] [Server thread/INFO] [net.minecraft.server.MinecraftServer/]: [clqwn: Teleported clqwn to ola]
[02Jan2025 00:03:50.590] [Server thread/WARN] [net.minecraft.world.level.entity.PersistentEntitySectionManager/]: UUID of added entity already exists: FallingBlockEntity['Falling Hanging Coconut'/30699, l='ServerLevel[world]', x=2364.50, y=71.00, z=-996.50]
[02Jan2025 00:04:13.752] [Server thread/INFO] [net.minecraft.server.MinecraftServer/]: ola was slain by The Somnolence
[02Jan2025 00:04:13.772] [Server thread/INFO] [tombstone/]: The player ola has successfully been saved
[02Jan2025 00:04:31.081] [Server thread/WARN] [net.minecraft.server.network.ServerGamePacketListenerImpl/]: clqwn moved too quickly! -3.671694310238763,-1.044812420399026,9.48176609529969
[02Jan2025 00:04:35.788] [Server thread/WARN] [net.minecraft.world.level.entity.PersistentEntitySectionManager/]: UUID of added entity already exists: FallingBlockEntity['Falling Hanging Coconut'/30877, l='ServerLevel[world]', x=2387.50, y=75.00, z=-1013.50]
[02Jan2025 00:05:14.910] [Server thread/INFO] [net.minecraft.server.MinecraftServer/]: clqwn fell from a high place
[02Jan2025 00:05:14.917] [Server thread/INFO] [tombstone/]: The player clqwn has successfully been saved
[02Jan2025 00:05:33.015] [Server thread/INFO] [net.minecraft.server.MinecraftServer/]: [Not Secure] <ola> xddddddddd
[02Jan2025 00:05:34.775] [Server thread/INFO] [net.minecraft.server.MinecraftServer/]: [clqwn: Teleported clqwn to ola]
[02Jan2025 00:05:59.838] [Server thread/WARN] [net.minecraft.world.level.entity.PersistentEntitySectionManager/]: UUID of added entity already exists: FallingBlockEntity['Falling Hanging Coconut'/31367, l='ServerLevel[world]', x=2531.50, y=70.00, z=-1128.50]
[02Jan2025 00:06:47.589] [Server thread/WARN] [net.minecraft.world.level.entity.PersistentEntitySectionManager/]: UUID of added entity already exists: FallingBlockEntity['Falling Hanging Coconut'/31449, l='ServerLevel[world]', x=2364.50, y=77.00, z=-987.50]
[02Jan2025 00:08:57.488] [Server thread/WARN] [net.minecraft.world.level.entity.PersistentEntitySectionManager/]: UUID of added entity already exists: FallingBlockEntity['Falling Hanging Coconut'/31889, l='ServerLevel[world]', x=2532.50, y=70.00, z=-1130.50]
[02Jan2025 00:11:18.340] [Server thread/WARN] [net.minecraft.world.level.entity.PersistentEntitySectionManager/]: UUID of added entity already exists: FallingBlockEntity['Falling Hanging Coconut'/32178, l='ServerLevel[world]', x=2487.50, y=78.00, z=-1095.50]
[02Jan2025 00:11:21.989] [Server thread/WARN] [net.minecraft.world.level.entity.PersistentEntitySectionManager/]: UUID of added entity already exists: FallingBlockEntity['Falling Hanging Coconut'/32188, l='ServerLevel[world]', x=2488.50, y=71.00, z=-1117.50]
[02Jan2025 00:11:44.940] [Server thread/WARN] [net.minecraft.world.level.entity.PersistentEntitySectionManager/]: UUID of added entity already exists: FallingBlockEntity['Falling Hanging Coconut'/32242, l='ServerLevel[world]', x=2530.50, y=70.00, z=-1128.50]
[02Jan2025 00:11:54.240] [Server thread/WARN] [net.minecraft.world.level.entity.PersistentEntitySectionManager/]: UUID of added entity already exists: FallingBlockEntity['Falling Hanging Coconut'/32257, l='ServerLevel[world]', x=2530.50, y=70.00, z=-1129.50]
[02Jan2025 00:12:10.490] [Server thread/WARN] [net.minecraft.world.level.entity.PersistentEntitySectionManager/]: UUID of added entity already exists: FallingBlockEntity['Falling Hanging Coconut'/32285, l='ServerLevel[world]', x=2492.50, y=70.00, z=-1124.50]
[02Jan2025 00:12:20.240] [Server thread/WARN] [net.minecraft.world.level.entity.PersistentEntitySectionManager/]: UUID of added entity already exists: FallingBlockEntity['Falling Hanging Coconut'/32310, l='ServerLevel[world]', x=2532.50, y=70.00, z=-1129.50]
[02Jan2025 00:17:48.706] [Server thread/INFO] [net.minecraft.server.MinecraftServer/]: [Not Secure] [Server] hola
[02Jan2025 00:19:18.570] [Server thread/INFO] [net.minecraft.server.MinecraftServer/]: [Not Secure] <ola> causa
[02Jan2025 00:19:28.521] [Server thread/INFO] [net.minecraft.server.MinecraftServer/]: [Not Secure] <ola> amatista
[02Jan2025 00:21:45.153] [Server thread/INFO] [net.minecraft.server.MinecraftServer/]: clqwn has made the advancement [Ice Bucket Challenge]
[02Jan2025 00:22:19.359] [Server thread/INFO] [net.minecraft.server.MinecraftServer/]: ola has made the advancement [Ice Bucket Challenge]
[02Jan2025 00:25:01.224] [Server thread/INFO] [net.minecraft.server.MinecraftServer/]: ola was slain by clqwn
[02Jan2025 00:25:01.297] [Server thread/INFO] [tombstone/]: The player ola has successfully been saved
[02Jan2025 00:25:11.861] [Server thread/INFO] [net.minecraft.server.MinecraftServer/]: [clqwn: Teleported ola to clqwn]
[02Jan2025 00:25:26.506] [Server thread/INFO] [net.minecraft.server.MinecraftServer/]: clqwn was slain by ola
[02Jan2025 00:25:26.624] [Server thread/INFO] [tombstone/]: The player clqwn has successfully been saved
[02Jan2025 00:25:40.956] [Server thread/INFO] [net.minecraft.server.MinecraftServer/]: [clqwn: Teleported clqwn to ola]
[02Jan2025 00:26:01.939] [Server thread/WARN] [net.minecraft.world.level.entity.PersistentEntitySectionManager/]: UUID of added entity already exists: FallingBlockEntity['Falling Hanging Coconut'/34800, l='ServerLevel[world]', x=2541.50, y=77.00, z=-1115.50]
[02Jan2025 00:27:09.560] [Server thread/INFO] [net.minecraft.server.network.ServerGamePacketListenerImpl/]: clqwn lost connection: Disconnected
[02Jan2025 00:27:09.561] [Server thread/INFO] [net.minecraft.server.MinecraftServer/]: clqwn left the game
[02Jan2025 00:27:09.565] [Server thread/INFO] [voicechat/]: [voicechat] Disconnecting client clqwn
[02Jan2025 00:28:15.204] [Server thread/INFO] [net.minecraft.server.MinecraftServer/]: [Not Secure] [Server] hola
[02Jan2025 00:28:19.319] [Server thread/INFO] [net.minecraft.server.MinecraftServer/]: [Not Secure] <ola> wajapen
[02Jan2025 00:28:59.968] [Server thread/WARN] [net.minecraft.server.MinecraftServer/]: Can't keep up! Is the server overloaded? Running 14631ms or 292 ticks behind
[02Jan2025 00:29:25.407] [Server thread/INFO] [net.minecraft.server.MinecraftServer/]: [Not Secure] <ola> 304
[02Jan2025 00:29:32.416] [Server thread/INFO] [net.minecraft.server.MinecraftServer/]: [Not Secure] <ola> 56
[02Jan2025 00:29:40.316] [Server thread/INFO] [net.minecraft.server.MinecraftServer/]: [Not Secure] <ola> -143
[02Jan2025 00:30:50.705] [Worker-Main-3/ERROR] [net.minecraft.world.entity.decoration.HangingEntity/]: Hanging entity at invalid position: BlockPos{x=-237, y=16, z=-193}
[02Jan2025 00:31:14.090] [Worker-Main-2/ERROR] [net.minecraft.world.entity.decoration.HangingEntity/]: Hanging entity at invalid position: BlockPos{x=-218, y=10, z=-283}
[02Jan2025 00:31:14.096] [Worker-Main-2/ERROR] [net.minecraft.world.entity.decoration.HangingEntity/]: Hanging entity at invalid position: BlockPos{x=-218, y=10, z=-283}
[02Jan2025 00:31:30.027] [Server thread/INFO] [net.minecraft.server.MinecraftServer/]: [Not Secure] <ola> lo encontre
[02Jan2025 00:31:47.807] [Server thread/INFO] [net.minecraft.server.MinecraftServer/]: [Not Secure] [Server] q cosa
[02Jan2025 00:31:59.009] [Server thread/INFO] [net.minecraft.server.MinecraftServer/]: ola has made the advancement [Into Fire]
[02Jan2025 00:32:13.503] [Server thread/INFO] [net.minecraft.server.MinecraftServer/]: ola has made the advancement [A second youth]
[02Jan2025 00:32:23.252] [Server thread/INFO] [net.minecraft.server.MinecraftServer/]: [Not Secure] <ola> fortale
[02Jan2025 00:32:32.629] [Worker-Main-3/ERROR] [net.minecraft.world.entity.decoration.HangingEntity/]: Hanging entity at invalid position: BlockPos{x=-218, y=10, z=-283}
[02Jan2025 00:32:46.257] [Server thread/INFO] [net.minecraft.server.MinecraftServer/]: ola has made the advancement [Hellish Paradise]
[02Jan2025 00:32:59.106] [Server thread/INFO] [net.minecraft.server.MinecraftServer/]: [Not Secure] [Server] alaberga
[02Jan2025 00:35:53.453] [Server thread/INFO] [net.minecraft.server.MinecraftServer/]: [Not Secure] <ola> ola
[02Jan2025 00:37:03.410] [Server thread/INFO] [net.minecraft.server.MinecraftServer/]: ola withered away whilst fighting Giddy Blaze
[02Jan2025 00:37:03.418] [Server thread/INFO] [tombstone/]: The player ola has successfully been saved
[02Jan2025 00:39:06.704] [Server thread/INFO] [net.minecraft.server.MinecraftServer/]: [Not Secure] [Server] hola causalidad
[02Jan2025 00:39:10.010] [Server thread/INFO] [net.minecraft.server.MinecraftServer/]: [Not Secure] <ola> ola
[02Jan2025 00:39:19.685] [Server thread/INFO] [net.minecraft.server.players.PlayerList/]: clqwn[/10.147.17.129:57622] logged in with entity id 40717 at (2482.1824608847405, -23.0, -1031.7598703157316)
[02Jan2025 00:39:19.715] [Server thread/INFO] [net.minecraft.server.MinecraftServer/]: clqwn joined the game
[02Jan2025 00:39:20.907] [Server thread/INFO] [voicechat/]: [voicechat] Received secret request of clqwn (18)
[02Jan2025 00:39:20.908] [Server thread/INFO] [voicechat/]: [voicechat] Sent secret to clqwn
[02Jan2025 00:39:38.253] [VoiceChatPacketProcessingThread/INFO] [voicechat/]: [voicechat] Successfully authenticated player 836b708e-46dc-3b7e-95d3-8bf500e24e7e
[02Jan2025 00:39:39.250] [VoiceChatPacketProcessingThread/INFO] [voicechat/]: [voicechat] Successfully validated connection of player 836b708e-46dc-3b7e-95d3-8bf500e24e7e
[02Jan2025 00:39:39.250] [VoiceChatPacketProcessingThread/INFO] [voicechat/]: [voicechat] Player clqwn (836b708e-46dc-3b7e-95d3-8bf500e24e7e) successfully connected to voice chat
[02Jan2025 00:39:45.818] [Server thread/INFO] [net.minecraft.server.MinecraftServer/]: [Not Secure] <ola> tp
[02Jan2025 00:40:05.778] [Server thread/INFO] [net.minecraft.server.MinecraftServer/]: [Not Secure] <clqwn> yo a ti o tu a mi
[02Jan2025 00:40:11.975] [Server thread/INFO] [net.minecraft.server.MinecraftServer/]: [Not Secure] <ola> yo a tu
[02Jan2025 00:40:16.428] [Server thread/INFO] [net.minecraft.server.MinecraftServer/]: [clqwn: Teleported ola to clqwn]
[02Jan2025 00:40:25.757] [Server thread/INFO] [net.minecraft.server.MinecraftServer/]: clqwn has made the advancement [We Need to Go Deeper]
[02Jan2025 00:40:25.757] [Server thread/INFO] [net.minecraft.server.MinecraftServer/]: clqwn has made the advancement [Incendium]
[02Jan2025 00:40:40.018] [Server thread/INFO] [net.minecraft.server.MinecraftServer/]: clqwn has made the advancement [Nightmare Fuel]
[02Jan2025 00:42:46.605] [Server thread/INFO] [net.minecraft.server.MinecraftServer/]: ola fell from a high place
[02Jan2025 00:42:46.630] [Server thread/INFO] [tombstone/]: The player ola has successfully been saved
[02Jan2025 00:42:51.023] [Server thread/INFO] [net.minecraft.server.MinecraftServer/]: [Not Secure] <ola> tp
[02Jan2025 00:42:53.758] [Server thread/INFO] [net.minecraft.server.MinecraftServer/]: [clqwn: Teleported ola to clqwn]
[02Jan2025 00:43:28.654] [Server thread/INFO] [net.minecraft.server.MinecraftServer/]: clqwn has made the advancement [Strange Biomes]
[02Jan2025 00:43:28.655] [Server thread/INFO] [net.minecraft.server.MinecraftServer/]: clqwn has made the advancement [Hellish Paradise]
[02Jan2025 00:44:58.704] [Server thread/INFO] [net.minecraft.server.MinecraftServer/]: ola was slain by Hoglin
[02Jan2025 00:44:58.712] [Server thread/INFO] [tombstone/]: The player ola has successfully been saved
[02Jan2025 00:45:02.264] [Server thread/INFO] [net.minecraft.server.MinecraftServer/]: [Not Secure] <ola> tp
[02Jan2025 00:45:22.149] [Server thread/INFO] [net.minecraft.server.MinecraftServer/]: [clqwn: Teleported ola to clqwn]
[02Jan2025 00:46:12.055] [Server thread/INFO] [net.minecraft.server.MinecraftServer/]: ola was slain by Hoglin
[02Jan2025 00:46:12.068] [Server thread/INFO] [tombstone/]: The player ola has successfully been saved
[02Jan2025 00:46:14.866] [Server thread/INFO] [net.minecraft.server.MinecraftServer/]: [clqwn: Teleported ola to clqwn]
[02Jan2025 00:46:25.410] [Server thread/INFO] [net.minecraft.server.MinecraftServer/]: clqwn withered away
[02Jan2025 00:46:25.769] [Server thread/INFO] [tombstone/]: The player clqwn has successfully been saved
[02Jan2025 00:46:32.196] [Server thread/INFO] [net.minecraft.server.MinecraftServer/]: [clqwn: Teleported clqwn to ola]
[02Jan2025 00:47:24.154] [Server thread/INFO] [net.minecraft.server.MinecraftServer/]: ola withered away
[02Jan2025 00:47:24.163] [Server thread/INFO] [tombstone/]: The player ola has successfully been saved
[02Jan2025 00:47:28.014] [Server thread/INFO] [net.minecraft.server.MinecraftServer/]: clqwn tried to swim in lava
[02Jan2025 00:47:28.035] [Server thread/INFO] [tombstone/]: The player clqwn has successfully been saved
[02Jan2025 00:47:28.186] [Server thread/INFO] [net.minecraft.server.MinecraftServer/]: [Not Secure] <clqwn> -
[02Jan2025 00:47:32.046] [Server thread/INFO] [net.minecraft.server.MinecraftServer/]: [Not Secure] <ola> tp
[02Jan2025 00:48:15.651] [Server thread/INFO] [net.minecraft.server.MinecraftServer/]: [clqwn: Set ola's game mode to Creative Mode]
[02Jan2025 00:48:18.260] [Server thread/INFO] [net.minecraft.server.network.ServerGamePacketListenerImpl/]: ola lost connection: Disconnected
[02Jan2025 00:48:18.260] [Server thread/INFO] [net.minecraft.server.MinecraftServer/]: ola left the game
[02Jan2025 00:48:18.262] [Server thread/INFO] [voicechat/]: [voicechat] Disconnecting client ola
[02Jan2025 00:48:22.163] [Server thread/INFO] [net.minecraft.server.MinecraftServer/]: [Not Secure] <clqwn> xdddd
[02Jan2025 00:49:20.060] [Server thread/INFO] [net.minecraft.server.MinecraftServer/]: [Not Secure] [Server] hola
[02Jan2025 00:51:04.418] [Server thread/INFO] [net.minecraft.server.MinecraftServer/]: [clqwn: Set own game mode to Creative Mode]
[02Jan2025 00:53:05.910] [Server thread/WARN] [net.minecraft.server.network.ServerGamePacketListenerImpl/]: clqwn moved too quickly! 10.175898820112707,1.475633928095533,-3.768149003984604
[02Jan2025 00:54:16.998] [Server thread/WARN] [net.minecraft.server.MinecraftServer/]: Can't keep up! Is the server overloaded? Running 2711ms or 54 ticks behind
[02Jan2025 00:54:17.202] [Server thread/INFO] [net.minecraft.server.MinecraftServer/]: clqwn has made the advancement [The Dust Settles]
[02Jan2025 00:54:34.260] [Server thread/WARN] [net.minecraft.server.network.ServerGamePacketListenerImpl/]: clqwn moved too quickly! 2.5818961346561764,4.602285206693537,-8.555347818106583
[02Jan2025 00:54:40.711] [Server thread/WARN] [net.minecraft.server.network.ServerGamePacketListenerImpl/]: clqwn moved too quickly! 7.99315418611252,0.0,-7.170714009507265
[02Jan2025 00:55:25.372] [Server thread/INFO] [net.minecraft.server.MinecraftServer/]: clqwn has reached the goal [Easy Opening]
[02Jan2025 00:56:06.155] [Server thread/INFO] [net.minecraft.server.MinecraftServer/]: [clqwn: Set own game mode to Survival Mode]
[02Jan2025 00:56:08.952] [Server thread/INFO] [net.minecraft.server.network.ServerGamePacketListenerImpl/]: clqwn lost connection: Disconnected
[02Jan2025 00:56:08.952] [Server thread/INFO] [net.minecraft.server.MinecraftServer/]: clqwn left the game
[02Jan2025 00:56:08.953] [Server thread/INFO] [voicechat/]: [voicechat] Disconnecting client clqwn
[02Jan2025 00:56:15.737] [Server thread/INFO] [net.minecraft.server.MinecraftServer/]: [Not Secure] [Server] hola
[02Jan2025 01:06:45.487] [Server thread/INFO] [net.minecraft.server.MinecraftServer/]: [Not Secure] [Server] hola
[02Jan2025 01:07:11.416] [Server thread/INFO] [net.minecraft.server.players.PlayerList/]: clqwn[/10.147.17.129:54628] logged in with entity id 49667 at (214.30000001192093, 77.0, -191.69999998807907)
[02Jan2025 01:07:11.438] [Server thread/INFO] [net.minecraft.server.MinecraftServer/]: clqwn joined the game
[02Jan2025 01:07:12.001] [Server thread/INFO] [voicechat/]: [voicechat] Received secret request of clqwn (18)
[02Jan2025 01:07:12.002] [Server thread/INFO] [voicechat/]: [voicechat] Sent secret to clqwn
[02Jan2025 01:07:30.167] [VoiceChatPacketProcessingThread/INFO] [voicechat/]: [voicechat] Successfully authenticated player 836b708e-46dc-3b7e-95d3-8bf500e24e7e
[02Jan2025 01:07:31.765] [VoiceChatPacketProcessingThread/INFO] [voicechat/]: [voicechat] Successfully validated connection of player 836b708e-46dc-3b7e-95d3-8bf500e24e7e
[02Jan2025 01:07:31.766] [VoiceChatPacketProcessingThread/INFO] [voicechat/]: [voicechat] Player clqwn (836b708e-46dc-3b7e-95d3-8bf500e24e7e) successfully connected to voice chat
[02Jan2025 01:07:36.362] [Server thread/INFO] [net.minecraft.server.MinecraftServer/]: [clqwn: Set own game mode to Creative Mode]
[02Jan2025 01:09:02.706] [Server thread/INFO] [net.minecraft.server.MinecraftServer/]: [clqwn: Teleported clqwn to 1.500000, 60.000000, 1.500000]
[02Jan2025 01:09:46.177] [Server thread/INFO] [net.minecraft.server.MinecraftServer/]: [clqwn: Teleported clqwn to 1.500000, 60.000000, 1.500000]
[02Jan2025 01:13:42.101] [Server thread/INFO] [net.minecraft.server.network.ServerGamePacketListenerImpl/]: clqwn lost connection: Disconnected
[02Jan2025 01:13:42.101] [Server thread/INFO] [net.minecraft.server.MinecraftServer/]: clqwn left the game
[02Jan2025 01:13:42.102] [Server thread/INFO] [voicechat/]: [voicechat] Disconnecting client clqwn
[02Jan2025 01:13:42.156] [Server thread/WARN] [net.minecraft.network.Connection/]: handleDisconnection() called twice
[02Jan2025 01:14:28.038] [Server thread/INFO] [net.minecraft.server.MinecraftServer/]: [Not Secure] [Server] lpm
[02Jan2025 01:14:38.210] [Server thread/INFO] [net.minecraft.server.players.PlayerList/]: clqwn[/10.147.17.129:60170] logged in with entity id 52809 at (448.9320820184779, 67.16610926093821, -474.0823821143731)
[02Jan2025 01:14:38.227] [Server thread/INFO] [net.minecraft.server.MinecraftServer/]: clqwn joined the game
[02Jan2025 01:14:38.711] [Server thread/INFO] [voicechat/]: [voicechat] Received secret request of clqwn (18)
[02Jan2025 01:14:38.712] [Server thread/INFO] [voicechat/]: [voicechat] Sent secret to clqwn
[02Jan2025 01:14:56.988] [VoiceChatPacketProcessingThread/INFO] [voicechat/]: [voicechat] Successfully authenticated player 836b708e-46dc-3b7e-95d3-8bf500e24e7e
[02Jan2025 01:14:57.987] [VoiceChatPacketProcessingThread/INFO] [voicechat/]: [voicechat] Successfully validated connection of player 836b708e-46dc-3b7e-95d3-8bf500e24e7e
[02Jan2025 01:14:57.987] [VoiceChatPacketProcessingThread/INFO] [voicechat/]: [voicechat] Player clqwn (836b708e-46dc-3b7e-95d3-8bf500e24e7e) successfully connected to voice chat
[02Jan2025 01:15:24.790] [Server thread/WARN] [net.minecraft.world.level.entity.PersistentEntitySectionManager/]: UUID of added entity already exists: FallingBlockEntity['Falling Hanging Coconut'/53220, l='ServerLevel[world]', x=518.50, y=76.00, z=-607.50]
[02Jan2025 01:15:56.289] [Server thread/WARN] [net.minecraft.world.level.entity.PersistentEntitySectionManager/]: UUID of added entity already exists: FallingBlockEntity['Falling Hanging Coconut'/53355, l='ServerLevel[world]', x=505.50, y=74.00, z=-600.50]
[02Jan2025 01:16:13.615] [Server thread/WARN] [net.minecraft.server.network.ServerGamePacketListenerImpl/]: clqwn moved too quickly! -4.429326689090033,3.330057781878324,8.642483550529903
[02Jan2025 01:18:04.822] [Server thread/INFO] [net.minecraft.server.MinecraftServer/]: [clqwn: Set own game mode to Survival Mode]
[02Jan2025 01:19:52.274] [Server thread/INFO] [net.minecraft.server.MinecraftServer/]: [clqwn: Set own game mode to Creative Mode]
[02Jan2025 01:20:40.135] [Server thread/WARN] [net.minecraft.server.network.ServerGamePacketListenerImpl/]: clqwn moved too quickly! 0.5419025687726844,7.778126081522643,-6.925024182248649
[02Jan2025 01:25:33.756] [Server thread/INFO] [net.minecraft.server.MinecraftServer/]: [Not Secure] [Server] hola
[02Jan2025 01:28:21.112] [Server thread/INFO] [net.minecraft.server.MinecraftServer/]: [Not Secure] [Server] hola
[02Jan2025 01:45:32.312] [Server thread/INFO] [net.minecraft.server.MinecraftServer/]: clqwn has made the advancement [Cold as Ice]
[02Jan2025 01:57:11.809] [Server thread/INFO] [net.minecraft.server.MinecraftServer/]: [Not Secure] [Server] hola
[02Jan2025 02:04:43.058] [Server thread/INFO] [net.minecraft.server.MinecraftServer/]: [Not Secure] [Server] hola
[02Jan2025 02:11:55.557] [Server thread/INFO] [net.minecraft.server.MinecraftServer/]: clqwn has made the advancement [A Seedy Place]
[02Jan2025 02:11:59.705] [Server thread/INFO] [net.minecraft.server.network.ServerGamePacketListenerImpl/]: clqwn lost connection: Timed out
[02Jan2025 02:11:59.706] [Server thread/INFO] [net.minecraft.server.MinecraftServer/]: clqwn left the game
[02Jan2025 02:11:59.707] [Server thread/INFO] [voicechat/]: [voicechat] Disconnecting client clqwn
[02Jan2025 02:12:44.058] [Server thread/INFO] [net.minecraft.server.players.PlayerList/]: clqwn[/10.147.17.129:41528] logged in with entity id 64171 at (430.4910631874469, 69.0, -454.07411713581104)
[02Jan2025 02:12:44.075] [Server thread/INFO] [net.minecraft.server.MinecraftServer/]: clqwn joined the game
[02Jan2025 02:12:45.921] [Server thread/INFO] [voicechat/]: [voicechat] Received secret request of clqwn (18)
[02Jan2025 02:12:45.922] [Server thread/INFO] [voicechat/]: [voicechat] Sent secret to clqwn
[02Jan2025 02:13:07.084] [VoiceChatPacketProcessingThread/INFO] [voicechat/]: [voicechat] Successfully authenticated player 836b708e-46dc-3b7e-95d3-8bf500e24e7e
[02Jan2025 02:13:08.074] [VoiceChatPacketProcessingThread/INFO] [voicechat/]: [voicechat] Successfully validated connection of player 836b708e-46dc-3b7e-95d3-8bf500e24e7e
[02Jan2025 02:13:08.074] [VoiceChatPacketProcessingThread/INFO] [voicechat/]: [voicechat] Player clqwn (836b708e-46dc-3b7e-95d3-8bf500e24e7e) successfully connected to voice chat
[02Jan2025 02:13:14.154] [Server thread/INFO] [net.minecraft.server.network.ServerGamePacketListenerImpl/]: clqwn lost connection: Timed out
[02Jan2025 02:13:14.154] [Server thread/INFO] [net.minecraft.server.MinecraftServer/]: clqwn left the game
[02Jan2025 02:13:14.155] [Server thread/INFO] [voicechat/]: [voicechat] Disconnecting client clqwn
[02Jan2025 02:13:56.056] [Server thread/INFO] [net.minecraft.server.players.PlayerList/]: clqwn[/10.147.17.129:55976] logged in with entity id 64486 at (430.4910631874469, 69.0, -454.07411713581104)
[02Jan2025 02:13:56.076] [Server thread/INFO] [net.minecraft.server.MinecraftServer/]: clqwn joined the game
[02Jan2025 02:13:57.729] [Server thread/INFO] [voicechat/]: [voicechat] Received secret request of clqwn (18)
[02Jan2025 02:13:57.729] [Server thread/INFO] [voicechat/]: [voicechat] Sent secret to clqwn
[02Jan2025 02:14:23.910] [VoiceChatPacketProcessingThread/INFO] [voicechat/]: [voicechat] Successfully authenticated player 836b708e-46dc-3b7e-95d3-8bf500e24e7e
[02Jan2025 02:14:24.909] [VoiceChatPacketProcessingThread/INFO] [voicechat/]: [voicechat] Successfully validated connection of player 836b708e-46dc-3b7e-95d3-8bf500e24e7e
[02Jan2025 02:14:24.910] [VoiceChatPacketProcessingThread/INFO] [voicechat/]: [voicechat] Player clqwn (836b708e-46dc-3b7e-95d3-8bf500e24e7e) successfully connected to voice chat
[02Jan2025 02:17:40.569] [Server thread/INFO] [net.minecraft.server.MinecraftServer/]: clqwn has made the advancement [Enchanter]
[02Jan2025 02:20:22.819] [Server thread/WARN] [net.minecraft.server.network.ServerGamePacketListenerImpl/]: clqwn moved too quickly! -5.429511976346362,0.0,-9.509254864608693
[02Jan2025 02:21:18.120] [Server thread/WARN] [net.minecraft.server.network.ServerGamePacketListenerImpl/]: clqwn moved too quickly! 9.671775923989742,1.0297440409183451,4.947898673976454
[02Jan2025 02:21:59.218] [Server thread/INFO] [net.minecraft.server.MinecraftServer/]: clqwn has made the advancement [Cover Me with Diamonds]
[02Jan2025 02:22:19.907] [Server thread/INFO] [net.minecraft.server.MinecraftServer/]: [clqwn: Gave 1 [Dragon Scale Leggings] to clqwn]
[02Jan2025 02:28:12.919] [Server thread/INFO] [net.minecraft.server.MinecraftServer/]: [clqwn: Gave 64 [Gold Ingot] to clqwn]
[02Jan2025 02:28:31.178] [Server thread/INFO] [net.minecraft.server.MinecraftServer/]: [clqwn: Gave 64 [Silver Ingot] to clqwn]
[02Jan2025 02:28:33.131] [Server thread/INFO] [net.minecraft.server.MinecraftServer/]: [clqwn: Gave 64 [Silver Ingot] to clqwn]
[02Jan2025 02:28:37.305] [Server thread/INFO] [net.minecraft.server.MinecraftServer/]: [clqwn: Gave 64 [Silver Ingot] to clqwn]
[02Jan2025 02:29:06.203] [Server thread/INFO] [net.minecraft.server.MinecraftServer/]: [clqwn: Gave 64 [Iron Ingot] to clqwn]
[02Jan2025 02:29:08.699] [Server thread/INFO] [net.minecraft.server.MinecraftServer/]: [clqwn: Gave 64 [Iron Ingot] to clqwn]
[02Jan2025 02:29:47.032] [Server thread/INFO] [net.minecraft.server.MinecraftServer/]: [clqwn: Gave 64 [Diamond] to clqwn]
[02Jan2025 02:29:58.316] [Server thread/INFO] [net.minecraft.server.MinecraftServer/]: [clqwn: Gave 64 [Redstone Dust] to clqwn]
[02Jan2025 02:30:00.731] [Server thread/INFO] [net.minecraft.server.MinecraftServer/]: [clqwn: Gave 64 [Redstone Dust] to clqwn]
[02Jan2025 02:30:02.834] [Server thread/INFO] [net.minecraft.server.MinecraftServer/]: [clqwn: Gave 64 [Redstone Dust] to clqwn]
[02Jan2025 02:30:16.977] [Server thread/INFO] [net.minecraft.server.MinecraftServer/]: [clqwn: Gave 64 [Copper Ingot] to clqwn]
[02Jan2025 02:31:48.451] [Server thread/INFO] [net.minecraft.server.MinecraftServer/]: [clqwn: Gave 1 [Iron to Gold Chest Upgrade] to clqwn]
[02Jan2025 02:33:43.463] [Server thread/INFO] [net.minecraft.server.MinecraftServer/]: [clqwn: Gave 1 [Fire Gauntlet] to clqwn]
[02Jan2025 02:33:47.002] [Server thread/INFO] [net.minecraft.server.MinecraftServer/]: [clqwn: Gave 1 [Steadfast Spikes] to clqwn]
[02Jan2025 02:33:54.174] [Server thread/INFO] [net.minecraft.server.MinecraftServer/]: [clqwn: Gave 1 [Night Vision Goggles] to clqwn]
[02Jan2025 02:34:05.048] [Server thread/INFO] [net.minecraft.server.MinecraftServer/]: [clqwn: Gave 1 [Shock Pendant] to clqwn]
[02Jan2025 02:34:07.533] [Server thread/INFO] [net.minecraft.server.MinecraftServer/]: [clqwn: Gave 1 [Panic Necklace] to clqwn]
[02Jan2025 02:34:09.408] [Server thread/INFO] [net.minecraft.server.MinecraftServer/]: [clqwn: Gave 1 [Flame Pendant] to clqwn]
[02Jan2025 02:35:53.662] [Server thread/INFO] [net.minecraft.server.MinecraftServer/]: [clqwn: Gave 64 [Cobblestone] to clqwn]
[02Jan2025 02:35:58.356] [Server thread/INFO] [net.minecraft.server.MinecraftServer/]: [clqwn: Gave 64 [Cobblestone] to clqwn]
[02Jan2025 02:36:02.199] [Server thread/INFO] [net.minecraft.server.MinecraftServer/]: [clqwn: Gave 64 [Cobblestone] to clqwn]
[02Jan2025 02:36:04.360] [Server thread/INFO] [net.minecraft.server.MinecraftServer/]: [clqwn: Gave 64 [Cobblestone] to clqwn]
[02Jan2025 02:36:07.002] [Server thread/INFO] [net.minecraft.server.MinecraftServer/]: [clqwn: Gave 64 [Cobblestone] to clqwn]
[02Jan2025 02:36:08.977] [Server thread/INFO] [net.minecraft.server.MinecraftServer/]: [clqwn: Gave 64 [Cobblestone] to clqwn]
[02Jan2025 02:36:11.555] [Server thread/INFO] [net.minecraft.server.MinecraftServer/]: [clqwn: Gave 64 [Cobblestone] to clqwn]
[02Jan2025 02:36:18.800] [Server thread/INFO] [net.minecraft.server.MinecraftServer/]: [clqwn: Gave 1 [Cobblestone] to clqwn]
[02Jan2025 02:36:22.052] [Server thread/INFO] [net.minecraft.server.MinecraftServer/]: [clqwn: Gave 64 [Cobblestone] to clqwn]
[02Jan2025 02:36:37.857] [Server thread/INFO] [net.minecraft.server.MinecraftServer/]: [clqwn: Gave 64 [Cobbled Deepslate] to clqwn]
[02Jan2025 02:36:42.814] [Server thread/INFO] [net.minecraft.server.MinecraftServer/]: [clqwn: Gave 64 [Deepslate] to clqwn]
[02Jan2025 02:36:45.799] [Server thread/INFO] [net.minecraft.server.MinecraftServer/]: [clqwn: Gave 64 [Deepslate] to clqwn]
[02Jan2025 02:36:49.208] [Server thread/INFO] [net.minecraft.server.MinecraftServer/]: [clqwn: Gave 64 [Cobbled Deepslate] to clqwn]
[02Jan2025 02:37:46.206] [Server thread/INFO] [net.minecraft.server.MinecraftServer/]: [clqwn: Gave 64 [Bone] to clqwn]
[02Jan2025 02:37:56.399] [Server thread/INFO] [net.minecraft.server.MinecraftServer/]: [clqwn: Gave 64 [Spider Eye] to clqwn]
[02Jan2025 02:38:17.557] [Server thread/INFO] [net.minecraft.server.MinecraftServer/]: [clqwn: Gave 64 [String] to clqwn]
[02Jan2025 02:38:23.957] [Server thread/INFO] [net.minecraft.server.MinecraftServer/]: [clqwn: Gave 64 [String] to clqwn]
[02Jan2025 02:40:41.516] [Server thread/WARN] [net.minecraft.server.network.ServerGamePacketListenerImpl/]: clqwn moved too quickly! 10.689328483706504,0.0,-2.0751479570992615
[02Jan2025 02:41:07.357] [Server thread/WARN] [net.minecraft.server.network.ServerGamePacketListenerImpl/]: clqwn moved too quickly! 10.545860415512834,0.0,-2.0462470371811605
[02Jan2025 02:41:27.501] [Server thread/WARN] [net.minecraft.server.network.ServerGamePacketListenerImpl/]: clqwn moved too quickly! 10.68932007905255,0.0,-2.0740829746872578
[02Jan2025 02:41:31.005] [Server thread/WARN] [net.minecraft.server.network.ServerGamePacketListenerImpl/]: clqwn moved too quickly! 10.585457319330999,0.0,-2.053930151116674
[02Jan2025 02:41:36.572] [Server thread/WARN] [net.minecraft.server.network.ServerGamePacketListenerImpl/]: clqwn moved too quickly! 10.679678821959442,0.0,-2.072212250727034
[02Jan2025 02:41:44.971] [Server thread/WARN] [net.minecraft.server.network.ServerGamePacketListenerImpl/]: clqwn moved too quickly! 7.721406628490286,0.0,-6.824741932206621
[02Jan2025 02:41:51.577] [Server thread/WARN] [net.minecraft.server.network.ServerGamePacketListenerImpl/]: clqwn moved too quickly! 9.527561344340256,0.0,-3.4572154096769054
[02Jan2025 02:41:58.673] [Server thread/WARN] [net.minecraft.server.network.ServerGamePacketListenerImpl/]: clqwn moved too quickly! 9.304587364265899,1.0678464424323977,-3.699542097681956
[02Jan2025 02:41:59.051] [Server thread/INFO] [net.minecraft.server.MinecraftServer/]: clqwn has made the advancement [You Are A Pirate]
[02Jan2025 02:43:04.544] [Server thread/WARN] [net.minecraft.server.network.ServerGamePacketListenerImpl/]: clqwn moved too quickly! 9.898381521305282,3.130950793885276,1.0646380494900995
[02Jan2025 02:43:08.433] [Server thread/WARN] [net.minecraft.server.network.ServerGamePacketListenerImpl/]: clqwn moved too quickly! 9.606644915588276,3.3656475061982007,-1.5136134179200553
[02Jan2025 02:43:13.783] [Server thread/WARN] [net.minecraft.server.network.ServerGamePacketListenerImpl/]: clqwn moved too quickly! 10.74873283675106,0.0,-1.6935596548325975
[02Jan2025 02:43:21.513] [Server thread/WARN] [net.minecraft.server.network.ServerGamePacketListenerImpl/]: clqwn moved too quickly! 9.265616951586253,0.0,-4.235649497638519
[02Jan2025 02:45:40.931] [Server thread/WARN] [net.minecraft.server.network.ServerGamePacketListenerImpl/]: clqwn moved too quickly! -6.090376900402589,0.0,8.47468176768632
[02Jan2025 02:46:47.077] [Server thread/WARN] [net.minecraft.server.network.ServerGamePacketListenerImpl/]: clqwn moved too quickly! -10.442752321781882,0.0,3.0848449026925664
[02Jan2025 02:46:53.988] [Server thread/WARN] [net.minecraft.server.network.ServerGamePacketListenerImpl/]: clqwn moved too quickly! -7.766362204530196,3.7500001395613793,-6.086003670133209
[02Jan2025 02:47:18.997] [Server thread/INFO] [net.minecraft.server.MinecraftServer/]: clqwn has made the advancement [Best Friends Forever]
[02Jan2025 02:47:18.998] [Server thread/INFO] [net.minecraft.server.MinecraftServer/]: clqwn has made the advancement [Jungle Fliers]
[02Jan2025 02:47:21.966] [Server thread/WARN] [net.minecraft.server.network.ServerGamePacketListenerImpl/]: Amphithere (vehicle of clqwn) moved wrongly! 0.7037923657719085
[02Jan2025 02:47:35.206] [Server thread/WARN] [net.minecraft.server.network.ServerGamePacketListenerImpl/]: clqwn moved too quickly! -4.234923462915049,7.875000312924385,-5.589467323539793
[02Jan2025 02:47:36.513] [Server thread/WARN] [net.minecraft.server.network.ServerGamePacketListenerImpl/]: Amphithere (vehicle of clqwn) moved wrongly! 0.6484567602762776
[02Jan2025 02:47:40.448] [Server thread/WARN] [net.minecraft.server.network.ServerGamePacketListenerImpl/]: clqwn was kicked for floating a vehicle too long!
[02Jan2025 02:47:40.499] [Server thread/INFO] [net.minecraft.server.network.ServerGamePacketListenerImpl/]: clqwn lost connection: Flying is not enabled on this server
[02Jan2025 02:47:40.500] [Server thread/INFO] [net.minecraft.server.MinecraftServer/]: clqwn left the game
[02Jan2025 02:47:40.500] [Server thread/INFO] [voicechat/]: [voicechat] Disconnecting client clqwn
[02Jan2025 02:48:19.987] [Server thread/INFO] [net.minecraft.server.MinecraftServer/]: [Not Secure] [Server] hola
[02Jan2025 02:48:42.060] [Server thread/INFO] [net.minecraft.server.players.PlayerList/]: clqwn[/10.147.17.129:59158] logged in with entity id 77916 at (2110.075523503854, 98.95171485997345, -1096.0117592412255)
[02Jan2025 02:48:42.078] [Server thread/INFO] [net.minecraft.server.MinecraftServer/]: clqwn joined the game
[02Jan2025 02:48:42.806] [Server thread/INFO] [voicechat/]: [voicechat] Received secret request of clqwn (18)
[02Jan2025 02:48:42.808] [Server thread/INFO] [voicechat/]: [voicechat] Sent secret to clqwn
[02Jan2025 02:49:06.853] [VoiceChatPacketProcessingThread/INFO] [voicechat/]: [voicechat] Successfully authenticated player 836b708e-46dc-3b7e-95d3-8bf500e24e7e
[02Jan2025 02:49:07.851] [VoiceChatPacketProcessingThread/INFO] [voicechat/]: [voicechat] Successfully validated connection of player 836b708e-46dc-3b7e-95d3-8bf500e24e7e
[02Jan2025 02:49:07.851] [VoiceChatPacketProcessingThread/INFO] [voicechat/]: [voicechat] Player clqwn (836b708e-46dc-3b7e-95d3-8bf500e24e7e) successfully connected to voice chat
[02Jan2025 02:49:16.198] [Server thread/WARN] [net.minecraft.server.network.ServerGamePacketListenerImpl/]: clqwn was kicked for floating a vehicle too long!
[02Jan2025 02:49:16.253] [Server thread/INFO] [net.minecraft.server.network.ServerGamePacketListenerImpl/]: clqwn lost connection: Flying is not enabled on this server
[02Jan2025 02:49:16.253] [Server thread/INFO] [net.minecraft.server.MinecraftServer/]: clqwn left the game
[02Jan2025 02:49:16.254] [Server thread/INFO] [voicechat/]: [voicechat] Disconnecting client clqwn
[02Jan2025 02:49:53.462] [Server thread/INFO] [net.minecraft.server.players.PlayerList/]: clqwn[/10.147.17.129:57600] logged in with entity id 78246 at (2128.769495410283, 77.86000133818936, -1092.6548453625533)
[02Jan2025 02:49:53.480] [Server thread/INFO] [net.minecraft.server.MinecraftServer/]: clqwn joined the game
[02Jan2025 02:49:54.135] [Server thread/INFO] [voicechat/]: [voicechat] Received secret request of clqwn (18)
[02Jan2025 02:49:54.136] [Server thread/INFO] [voicechat/]: [voicechat] Sent secret to clqwn
[02Jan2025 02:50:12.903] [VoiceChatPacketProcessingThread/INFO] [voicechat/]: [voicechat] Successfully authenticated player 836b708e-46dc-3b7e-95d3-8bf500e24e7e
[02Jan2025 02:50:13.904] [VoiceChatPacketProcessingThread/INFO] [voicechat/]: [voicechat] Successfully validated connection of player 836b708e-46dc-3b7e-95d3-8bf500e24e7e
[02Jan2025 02:50:13.906] [VoiceChatPacketProcessingThread/INFO] [voicechat/]: [voicechat] Player clqwn (836b708e-46dc-3b7e-95d3-8bf500e24e7e) successfully connected to voice chat
[02Jan2025 02:50:30.155] [Server thread/WARN] [net.minecraft.server.network.ServerGamePacketListenerImpl/]: clqwn moved too quickly! -10.308126807841745,2.2969479312724985,2.2615923842961365
[02Jan2025 02:50:34.385] [Server thread/WARN] [net.minecraft.server.network.ServerGamePacketListenerImpl/]: clqwn moved too quickly! -9.9244182367529,0.0,3.517776403184371
[02Jan2025 02:50:41.429] [Server thread/WARN] [net.minecraft.server.network.ServerGamePacketListenerImpl/]: clqwn moved too quickly! -10.263031676521905,0.0,3.6378002010337696
[02Jan2025 02:51:00.627] [Server thread/WARN] [net.minecraft.server.network.ServerGamePacketListenerImpl/]: clqwn moved too quickly! -10.263229547842911,0.0,3.637870337846607
[02Jan2025 02:51:06.777] [Server thread/WARN] [net.minecraft.server.network.ServerGamePacketListenerImpl/]: clqwn moved too quickly! -10.26192471537206,0.0,3.6374078312524034
[02Jan2025 02:51:11.878] [Server thread/WARN] [net.minecraft.server.network.ServerGamePacketListenerImpl/]: clqwn moved too quickly! -10.256104144247729,0.0,3.6353446908987053
[02Jan2025 02:51:20.816] [Server thread/WARN] [net.minecraft.server.network.ServerGamePacketListenerImpl/]: clqwn moved too quickly! -10.256047917935348,0.0,3.646238077638259
[02Jan2025 02:51:25.492] [Server thread/WARN] [net.minecraft.server.network.ServerGamePacketListenerImpl/]: clqwn moved too quickly! -10.2595474162747,0.0,3.6365651816919353
[02Jan2025 02:51:31.279] [Server thread/WARN] [net.minecraft.server.network.ServerGamePacketListenerImpl/]: clqwn moved too quickly! -10.26192471537206,0.0,3.6374078312524034
[02Jan2025 02:51:58.824] [Server thread/WARN] [net.minecraft.server.network.ServerGamePacketListenerImpl/]: clqwn moved too quickly! -10.165461667988438,2.8685985614118863,0.2572944386550944
[02Jan2025 02:52:05.337] [Server thread/WARN] [net.minecraft.server.network.ServerGamePacketListenerImpl/]: clqwn moved too quickly! -9.491200561133837,0.0,-4.0700210184238585
[02Jan2025 02:52:09.567] [Server thread/WARN] [net.minecraft.server.network.ServerGamePacketListenerImpl/]: clqwn moved too quickly! -5.102406613205176,0.0,8.952364082538338
[02Jan2025 02:52:14.382] [Server thread/WARN] [net.minecraft.server.network.ServerGamePacketListenerImpl/]: clqwn moved too quickly! -4.371417159039424,-8.709440739115664,4.951971226735054
[02Jan2025 02:52:34.048] [Server thread/INFO] [net.minecraft.server.MinecraftServer/]: clqwn has made the advancement [Tie me to the Mast]
[02Jan2025 02:52:40.401] [Server thread/WARN] [net.minecraft.server.network.ServerGamePacketListenerImpl/]: clqwn moved too quickly! -6.83068781507302,6.749841596898577,4.28192137904955
[02Jan2025 02:52:45.619] [Server thread/WARN] [net.minecraft.server.network.ServerGamePacketListenerImpl/]: clqwn moved too quickly! -8.855367732503623,0.0,5.174097762537144
[02Jan2025 02:52:58.524] [Server thread/WARN] [net.minecraft.server.network.ServerGamePacketListenerImpl/]: clqwn moved too quickly! -8.94330894696759,0.0,5.198540651800499
[02Jan2025 02:53:08.436] [Server thread/WARN] [net.minecraft.server.network.ServerGamePacketListenerImpl/]: clqwn moved too quickly! -8.943308622724658,0.0,5.198540463325685
[02Jan2025 02:53:13.552] [Server thread/WARN] [net.minecraft.server.network.ServerGamePacketListenerImpl/]: clqwn moved too quickly! -4.87687356060087,1.3480199933822234,9.106864337397724
[02Jan2025 03:09:22.423] [Server thread/INFO] [net.minecraft.server.MinecraftServer/]: [clqwn: Gave 64 [Oak Planks] to clqwn]
[02Jan2025 03:09:24.018] [Server thread/INFO] [net.minecraft.server.MinecraftServer/]: [clqwn: Gave 64 [Oak Planks] to clqwn]
[02Jan2025 03:09:58.751] [Server thread/INFO] [net.minecraft.server.MinecraftServer/]: [clqwn: Set own game mode to Survival Mode]
[02Jan2025 03:11:12.916] [Server thread/INFO] [net.minecraft.server.MinecraftServer/]: clqwn has reached the goal [Hunted]
[02Jan2025 03:14:42.356] [Server thread/INFO] [net.minecraft.server.MinecraftServer/]: clqwn has made the advancement [Take Aim]
[02Jan2025 03:16:09.805] [Server thread/INFO] [net.minecraft.server.network.ServerGamePacketListenerImpl/]: clqwn lost connection: Disconnected
[02Jan2025 03:16:09.806] [Server thread/INFO] [net.minecraft.server.MinecraftServer/]: clqwn left the game
[02Jan2025 03:16:09.807] [Server thread/INFO] [voicechat/]: [voicechat] Disconnecting client clqwn
[02Jan2025 03:16:57.588] [Server thread/INFO] [net.minecraft.server.MinecraftServer/]: [Not Secure] [Server] hola
[02Jan2025 03:31:17.837] [Server thread/INFO] [net.minecraft.server.MinecraftServer/]: [Not Secure] [Server] hola
[02Jan2025 03:31:20.487] [Server thread/INFO] [net.minecraft.server.MinecraftServer/]: Stopping the server
[02Jan2025 03:31:20.540] [Server thread/INFO] [net.minecraft.server.MinecraftServer/]: Stopping server
[02Jan2025 03:31:20.540] [Server thread/INFO] [net.minecraft.server.MinecraftServer/]: Saving players
[02Jan2025 03:31:20.541] [Server thread/INFO] [net.minecraft.server.MinecraftServer/]: Saving worlds
[02Jan2025 03:31:20.708] [Server thread/INFO] [net.minecraft.server.MinecraftServer/]: Saving chunks for level 'ServerLevel[world]'/minecraft:overworld
[02Jan2025 03:31:20.978] [Server thread/INFO] [net.minecraft.server.MinecraftServer/]: Saving chunks for level 'ServerLevel[world]'/ad_astra:mercury_orbit
[02Jan2025 03:31:20.979] [Server thread/INFO] [net.minecraft.server.MinecraftServer/]: Saving chunks for level 'ServerLevel[world]'/aether:the_aether
[02Jan2025 03:31:20.980] [Server thread/INFO] [net.minecraft.server.MinecraftServer/]: Saving chunks for level 'ServerLevel[world]'/ad_astra:moon
[02Jan2025 03:31:20.980] [Server thread/INFO] [net.minecraft.server.MinecraftServer/]: Saving chunks for level 'ServerLevel[world]'/ad_astra:venus
[02Jan2025 03:31:20.980] [Server thread/INFO] [net.minecraft.server.MinecraftServer/]: Saving chunks for level 'ServerLevel[world]'/ad_astra:mars
[02Jan2025 03:31:20.981] [Server thread/INFO] [net.minecraft.server.MinecraftServer/]: Saving chunks for level 'ServerLevel[world]'/ad_astra:mercury
[02Jan2025 03:31:20.981] [Server thread/INFO] [net.minecraft.server.MinecraftServer/]: Saving chunks for level 'ServerLevel[world]'/minecraft:the_end
[02Jan2025 03:31:20.982] [Server thread/INFO] [net.minecraft.server.MinecraftServer/]: Saving chunks for level 'ServerLevel[world]'/ad_astra:mars_orbit
[02Jan2025 03:31:20.982] [Server thread/INFO] [net.minecraft.server.MinecraftServer/]: Saving chunks for level 'ServerLevel[world]'/deeperdarker:otherside
[02Jan2025 03:31:20.983] [Server thread/INFO] [net.minecraft.server.MinecraftServer/]: Saving chunks for level 'ServerLevel[world]'/minecraft:the_nether
[02Jan2025 03:31:20.986] [Server thread/INFO] [net.minecraft.server.MinecraftServer/]: Saving chunks for level 'ServerLevel[world]'/ad_astra:earth_orbit
[02Jan2025 03:31:20.988] [Server thread/INFO] [net.minecraft.server.MinecraftServer/]: Saving chunks for level 'ServerLevel[world]'/ad_astra:moon_orbit
[02Jan2025 03:31:20.988] [Server thread/INFO] [net.minecraft.server.MinecraftServer/]: Saving chunks for level 'ServerLevel[world]'/twilightforest:twilight_forest
[02Jan2025 03:31:20.989] [Server thread/INFO] [net.minecraft.server.MinecraftServer/]: Saving chunks for level 'ServerLevel[world]'/ad_astra:glacio_orbit
[02Jan2025 03:31:20.989] [Server thread/INFO] [net.minecraft.server.MinecraftServer/]: Saving chunks for level 'ServerLevel[world]'/ad_astra:glacio
[02Jan2025 03:31:20.990] [Server thread/INFO] [net.minecraft.server.MinecraftServer/]: Saving chunks for level 'ServerLevel[world]'/ad_astra:venus_orbit
[02Jan2025 03:31:21.043] [Server thread/INFO] [net.minecraft.server.MinecraftServer/]: ThreadedAnvilChunkStorage (world): All chunks are saved
[02Jan2025 03:31:21.043] [Server thread/INFO] [net.minecraft.server.MinecraftServer/]: ThreadedAnvilChunkStorage (mercury_orbit): All chunks are saved
[02Jan2025 03:31:21.043] [Server thread/INFO] [net.minecraft.server.MinecraftServer/]: ThreadedAnvilChunkStorage (the_aether): All chunks are saved
[02Jan2025 03:31:21.043] [Server thread/INFO] [net.minecraft.server.MinecraftServer/]: ThreadedAnvilChunkStorage (moon): All chunks are saved
[02Jan2025 03:31:21.043] [Server thread/INFO] [net.minecraft.server.MinecraftServer/]: ThreadedAnvilChunkStorage (venus): All chunks are saved
[02Jan2025 03:31:21.043] [Server thread/INFO] [net.minecraft.server.MinecraftServer/]: ThreadedAnvilChunkStorage (mars): All chunks are saved
[02Jan2025 03:31:21.043] [Server thread/INFO] [net.minecraft.server.MinecraftServer/]: ThreadedAnvilChunkStorage (mercury): All chunks are saved
[02Jan2025 03:31:21.043] [Server thread/INFO] [net.minecraft.server.MinecraftServer/]: ThreadedAnvilChunkStorage (DIM1): All chunks are saved
[02Jan2025 03:31:21.043] [Server thread/INFO] [net.minecraft.server.MinecraftServer/]: ThreadedAnvilChunkStorage (mars_orbit): All chunks are saved
[02Jan2025 03:31:21.043] [Server thread/INFO] [net.minecraft.server.MinecraftServer/]: ThreadedAnvilChunkStorage (otherside): All chunks are saved
[02Jan2025 03:31:21.043] [Server thread/INFO] [net.minecraft.server.MinecraftServer/]: ThreadedAnvilChunkStorage (DIM-1): All chunks are saved
[02Jan2025 03:31:21.043] [Server thread/INFO] [net.minecraft.server.MinecraftServer/]: ThreadedAnvilChunkStorage (earth_orbit): All chunks are saved
[02Jan2025 03:31:21.043] [Server thread/INFO] [net.minecraft.server.MinecraftServer/]: ThreadedAnvilChunkStorage (moon_orbit): All chunks are saved
[02Jan2025 03:31:21.044] [Server thread/INFO] [net.minecraft.server.MinecraftServer/]: ThreadedAnvilChunkStorage (twilight_forest): All chunks are saved
[02Jan2025 03:31:21.044] [Server thread/INFO] [net.minecraft.server.MinecraftServer/]: ThreadedAnvilChunkStorage (glacio_orbit): All chunks are saved
[02Jan2025 03:31:21.044] [Server thread/INFO] [net.minecraft.server.MinecraftServer/]: ThreadedAnvilChunkStorage (glacio): All chunks are saved
[02Jan2025 03:31:21.044] [Server thread/INFO] [net.minecraft.server.MinecraftServer/]: ThreadedAnvilChunkStorage (venus_orbit): All chunks are saved
[02Jan2025 03:31:21.044] [Server thread/INFO] [net.minecraft.server.MinecraftServer/]: ThreadedAnvilChunkStorage: All dimensions are saved
